<?xml version="1.0" encoding="UTF-8"?>
<!-- Generated by org.testng.reporters.JUnitReportReporter -->
<testsuite hostname="Isas-MacBook-Pro.local" failures="0" tests="3" name="com.neotech.testcases.LoginTests" time="32.699" errors="0" timestamp="2023-02-09T20:03:56 EST" skipped="0">
  <testcase classname="com.neotech.testcases.LoginTests" name="invalidPasswordLogin" time="13.800"/>
  <system-out/>
  <testcase classname="com.neotech.testcases.LoginTests" name="validLogin" time="12.416"/>
  <system-out/>
  <testcase classname="com.neotech.testcases.LoginTests" name="emptyPasswordLogin" time="6.483"/>
  <system-out/>
</testsuite> <!-- com.neotech.testcases.LoginTests -->
